[0.812s] Invoking command in '/home/skyno/sportscon_ws/src/omni_drive': PYTHONPATH=/home/skyno/sportscon_ws/build/omni_drive/prefix_override:/usr/lib/python3/dist-packages/colcon_core/task/python/colcon_distutils_commands:/home/skyno/sportscon_ws/install/omni_drive/lib/python3.10/site-packages:${PYTHONPATH} /usr/bin/python3 -W ignore:setup.py install is deprecated -W ignore:easy_install command is deprecated setup.py egg_info --egg-base ../../build/omni_drive build --build-base /home/skyno/sportscon_ws/build/omni_drive/build install --record /home/skyno/sportscon_ws/build/omni_drive/install.log --single-version-externally-managed install_data
[0.943s] running egg_info
[0.944s] writing ../../build/omni_drive/omni_drive.egg-info/PKG-INFO
[0.944s] writing dependency_links to ../../build/omni_drive/omni_drive.egg-info/dependency_links.txt
[0.944s] writing entry points to ../../build/omni_drive/omni_drive.egg-info/entry_points.txt
[0.944s] writing requirements to ../../build/omni_drive/omni_drive.egg-info/requires.txt
[0.944s] writing top-level names to ../../build/omni_drive/omni_drive.egg-info/top_level.txt
[0.946s] reading manifest file '../../build/omni_drive/omni_drive.egg-info/SOURCES.txt'
[0.946s] writing manifest file '../../build/omni_drive/omni_drive.egg-info/SOURCES.txt'
[0.946s] running build
[0.946s] running build_py
[0.946s] running install
[0.947s] running install_lib
[0.948s] running install_data
[0.948s] running install_egg_info
[0.949s] removing '/home/skyno/sportscon_ws/install/omni_drive/lib/python3.10/site-packages/omni_drive-0.0.0-py3.10.egg-info' (and everything under it)
[0.949s] Copying ../../build/omni_drive/omni_drive.egg-info to /home/skyno/sportscon_ws/install/omni_drive/lib/python3.10/site-packages/omni_drive-0.0.0-py3.10.egg-info
[0.950s] running install_scripts
[0.964s] writing list of installed files to '/home/skyno/sportscon_ws/build/omni_drive/install.log'
[0.993s] Invoked command in '/home/skyno/sportscon_ws/src/omni_drive' returned '0': PYTHONPATH=/home/skyno/sportscon_ws/build/omni_drive/prefix_override:/usr/lib/python3/dist-packages/colcon_core/task/python/colcon_distutils_commands:/home/skyno/sportscon_ws/install/omni_drive/lib/python3.10/site-packages:${PYTHONPATH} /usr/bin/python3 -W ignore:setup.py install is deprecated -W ignore:easy_install command is deprecated setup.py egg_info --egg-base ../../build/omni_drive build --build-base /home/skyno/sportscon_ws/build/omni_drive/build install --record /home/skyno/sportscon_ws/build/omni_drive/install.log --single-version-externally-managed install_data
