running egg_info
creating ../../build/joystick_control/joystick_control.egg-info
writing ../../build/joystick_control/joystick_control.egg-info/PKG-INFO
writing dependency_links to ../../build/joystick_control/joystick_control.egg-info/dependency_links.txt
writing entry points to ../../build/joystick_control/joystick_control.egg-info/entry_points.txt
writing requirements to ../../build/joystick_control/joystick_control.egg-info/requires.txt
writing top-level names to ../../build/joystick_control/joystick_control.egg-info/top_level.txt
writing manifest file '../../build/joystick_control/joystick_control.egg-info/SOURCES.txt'
reading manifest file '../../build/joystick_control/joystick_control.egg-info/SOURCES.txt'
writing manifest file '../../build/joystick_control/joystick_control.egg-info/SOURCES.txt'
running build
running build_py
creating /home/skyno/sportscon_ws/build/joystick_control/build
creating /home/skyno/sportscon_ws/build/joystick_control/build/lib
creating /home/skyno/sportscon_ws/build/joystick_control/build/lib/joystick_control
copying joystick_control/__init__.py -> /home/skyno/sportscon_ws/build/joystick_control/build/lib/joystick_control
running install
running install_lib
creating /home/skyno/sportscon_ws/install/joystick_control/lib/python3.10/site-packages/joystick_control
copying /home/skyno/sportscon_ws/build/joystick_control/build/lib/joystick_control/__init__.py -> /home/skyno/sportscon_ws/install/joystick_control/lib/python3.10/site-packages/joystick_control
byte-compiling /home/skyno/sportscon_ws/install/joystick_control/lib/python3.10/site-packages/joystick_control/__init__.py to __init__.cpython-310.pyc
running install_egg_info
Copying ../../build/joystick_control/joystick_control.egg-info to /home/skyno/sportscon_ws/install/joystick_control/lib/python3.10/site-packages/joystick_control-0.0.0-py3.10.egg-info
running install_scripts
Installing joystick_control_node script to /home/skyno/sportscon_ws/install/joystick_control/lib/joystick_control
writing list of installed files to '/home/skyno/sportscon_ws/build/joystick_control/install.log'
