[0.817s] Invoking command in '/home/skyno/sportscon_ws/src/differential_drive': PYTHONPATH=/home/skyno/sportscon_ws/build/differential_drive/prefix_override:/usr/lib/python3/dist-packages/colcon_core/task/python/colcon_distutils_commands:/home/skyno/sportscon_ws/install/differential_drive/lib/python3.10/site-packages:${PYTHONPATH} /usr/bin/python3 -W ignore:setup.py install is deprecated -W ignore:easy_install command is deprecated setup.py egg_info --egg-base ../../build/differential_drive build --build-base /home/skyno/sportscon_ws/build/differential_drive/build install --record /home/skyno/sportscon_ws/build/differential_drive/install.log --single-version-externally-managed
[0.948s] running egg_info
[0.949s] writing ../../build/differential_drive/differential_drive.egg-info/PKG-INFO
[0.949s] writing dependency_links to ../../build/differential_drive/differential_drive.egg-info/dependency_links.txt
[0.949s] writing entry points to ../../build/differential_drive/differential_drive.egg-info/entry_points.txt
[0.949s] writing requirements to ../../build/differential_drive/differential_drive.egg-info/requires.txt
[0.949s] writing top-level names to ../../build/differential_drive/differential_drive.egg-info/top_level.txt
[0.950s] reading manifest file '../../build/differential_drive/differential_drive.egg-info/SOURCES.txt'
[0.950s] writing manifest file '../../build/differential_drive/differential_drive.egg-info/SOURCES.txt'
[0.951s] running build
[0.951s] running build_py
[0.951s] running install
[0.951s] running install_lib
[0.951s] running install_egg_info
[0.953s] removing '/home/skyno/sportscon_ws/install/differential_drive/lib/python3.10/site-packages/differential_drive-0.0.0-py3.10.egg-info' (and everything under it)
[0.953s] Copying ../../build/differential_drive/differential_drive.egg-info to /home/skyno/sportscon_ws/install/differential_drive/lib/python3.10/site-packages/differential_drive-0.0.0-py3.10.egg-info
[0.953s] running install_scripts
[0.967s] Installing differential_drive_node script to /home/skyno/sportscon_ws/install/differential_drive/lib/differential_drive
[0.968s] writing list of installed files to '/home/skyno/sportscon_ws/build/differential_drive/install.log'
[0.988s] Invoked command in '/home/skyno/sportscon_ws/src/differential_drive' returned '0': PYTHONPATH=/home/skyno/sportscon_ws/build/differential_drive/prefix_override:/usr/lib/python3/dist-packages/colcon_core/task/python/colcon_distutils_commands:/home/skyno/sportscon_ws/install/differential_drive/lib/python3.10/site-packages:${PYTHONPATH} /usr/bin/python3 -W ignore:setup.py install is deprecated -W ignore:easy_install command is deprecated setup.py egg_info --egg-base ../../build/differential_drive build --build-base /home/skyno/sportscon_ws/build/differential_drive/build install --record /home/skyno/sportscon_ws/build/differential_drive/install.log --single-version-externally-managed
